Flow report for week4-1
Wed Sep 29 23:12:37 2021
Quartus Prime Version 20.1.1 Build 720 11/11/2020 SJ Lite Edition


---------------------
; Table of Contents ;
---------------------
  1. Legal Notice
  2. Flow Summary
  3. Flow Settings
  4. Flow Non-Default Global Settings
  5. Flow Elapsed Time
  6. Flow OS Summary
  7. Flow Log
  8. Flow Messages
  9. Flow Suppressed Messages



----------------
; Legal Notice ;
----------------
Copyright (C) 2020  Intel Corporation. All rights reserved.
Your use of Intel Corporation's design tools, logic functions 
and other software and tools, and any partner logic 
functions, and any output files from any of the foregoing 
(including device programming or simulation files), and any 
associated documentation or information are expressly subject 
to the terms and conditions of the Intel Program License 
Subscription Agreement, the Intel Quartus Prime License Agreement,
the Intel FPGA IP License Agreement, or other applicable license
agreement, including, without limitation, that your use is for
the sole purpose of programming logic devices manufactured by
Intel and sold by Intel or its authorized distributors.  Please
refer to the applicable agreement for further details, at
https://fpgasoftware.intel.com/eula.



+---------------------------------------------------------------------+
; Flow Summary                                                        ;
+-----------------------+---------------------------------------------+
; Flow Status           ; Successful - Wed Sep 29 23:12:37 2021       ;
; Quartus Prime Version ; 20.1.1 Build 720 11/11/2020 SJ Lite Edition ;
; Revision Name         ; week4-1                                     ;
; Top-level Entity Name ; week4_1_dff                                 ;
; Family                ; MAX V                                       ;
; Total logic elements  ; 1 / 40 ( 3 % )                              ;
; Total pins            ; 4 / 30 ( 13 % )                             ;
; Total virtual pins    ; 0                                           ;
; UFM blocks            ; 0 / 1 ( 0 % )                               ;
; Device                ; 5M40ZM64C4                                  ;
; Timing Models         ; Final                                       ;
+-----------------------+---------------------------------------------+


+-----------------------------------------+
; Flow Settings                           ;
+-------------------+---------------------+
; Option            ; Setting             ;
+-------------------+---------------------+
; Start date & time ; 09/29/2021 23:08:27 ;
; Main task         ; Compilation         ;
; Revision Name     ; week4-1             ;
+-------------------+---------------------+


+------------------------------------------------------------------------------------------------------+
; Flow Non-Default Global Settings                                                                     ;
+--------------------------+--------------------------------+---------------+-------------+------------+
; Assignment Name          ; Value                          ; Default Value ; Entity Name ; Section Id ;
+--------------------------+--------------------------------+---------------+-------------+------------+
; COMPILER_SIGNATURE_ID    ; 52932027394675.163292450719336 ; --            ; --          ; --         ;
; PROJECT_OUTPUT_DIRECTORY ; output_files                   ; --            ; --          ; --         ;
; TOP_LEVEL_ENTITY         ; week4_1_dff                    ; week4-1       ; --          ; --         ;
+--------------------------+--------------------------------+---------------+-------------+------------+


+--------------------------------------------------------------------------------------------------------------------------+
; Flow Elapsed Time                                                                                                        ;
+----------------------+--------------+-------------------------+---------------------+------------------------------------+
; Module Name          ; Elapsed Time ; Average Processors Used ; Peak Virtual Memory ; Total CPU Time (on all processors) ;
+----------------------+--------------+-------------------------+---------------------+------------------------------------+
; Analysis & Synthesis ; 00:00:15     ; 1.0                     ; 4706 MB             ; 00:00:26                           ;
; Fitter               ; 00:00:02     ; 1.0                     ; 5077 MB             ; 00:00:02                           ;
; Assembler            ; 00:00:00     ; 1.0                     ; 4666 MB             ; 00:00:01                           ;
; Timing Analyzer      ; 00:00:01     ; 1.0                     ; 4667 MB             ; 00:00:01                           ;
; EDA Netlist Writer   ; 00:00:01     ; 1.0                     ; 4614 MB             ; 00:00:01                           ;
; EDA Netlist Writer   ; 00:00:01     ; 1.0                     ; 4618 MB             ; 00:00:01                           ;
; EDA Netlist Writer   ; 00:00:00     ; 1.0                     ; 4614 MB             ; 00:00:01                           ;
; EDA Netlist Writer   ; 00:00:01     ; 1.0                     ; 4618 MB             ; 00:00:01                           ;
; Total                ; 00:00:21     ; --                      ; --                  ; 00:00:34                           ;
+----------------------+--------------+-------------------------+---------------------+------------------------------------+


+------------------------------------------------------------------------------------+
; Flow OS Summary                                                                    ;
+----------------------+------------------+------------+------------+----------------+
; Module Name          ; Machine Hostname ; OS Name    ; OS Version ; Processor type ;
+----------------------+------------------+------------+------------+----------------+
; Analysis & Synthesis ; WINDOWS-F3G28L9  ; Windows 10 ; 10.0       ; x86_64         ;
; Fitter               ; WINDOWS-F3G28L9  ; Windows 10 ; 10.0       ; x86_64         ;
; Assembler            ; WINDOWS-F3G28L9  ; Windows 10 ; 10.0       ; x86_64         ;
; Timing Analyzer      ; WINDOWS-F3G28L9  ; Windows 10 ; 10.0       ; x86_64         ;
; EDA Netlist Writer   ; WINDOWS-F3G28L9  ; Windows 10 ; 10.0       ; x86_64         ;
; EDA Netlist Writer   ; WINDOWS-F3G28L9  ; Windows 10 ; 10.0       ; x86_64         ;
; EDA Netlist Writer   ; WINDOWS-F3G28L9  ; Windows 10 ; 10.0       ; x86_64         ;
; EDA Netlist Writer   ; WINDOWS-F3G28L9  ; Windows 10 ; 10.0       ; x86_64         ;
+----------------------+------------------+------------+------------+----------------+


------------
; Flow Log ;
------------
quartus_map --read_settings_files=on --write_settings_files=off week4-1 -c week4-1
quartus_fit --read_settings_files=off --write_settings_files=off week4-1 -c week4-1
quartus_asm --read_settings_files=off --write_settings_files=off week4-1 -c week4-1
quartus_sta week4-1 -c week4-1
quartus_eda --read_settings_files=on --write_settings_files=off week4-1 -c week4-1
quartus_eda --gen_testbench --tool=modelsim_oem --format=verilog --write_settings_files=off week4-1 -c week4-1 --vector_source=D:/hw_quartus/week4/Waveform1_2.vwf --testbench_file=D:/hw_quartus/week4/simulation/qsim/Waveform1_2.vwf.vt
quartus_eda --write_settings_files=off --simulation=on --functional=on --flatten_buses=off --tool=modelsim_oem --format=verilog --output_directory=D:/hw_quartus/week4/simulation/qsim/ week4-1 -c week4-1
quartus_eda --gen_testbench --tool=modelsim_oem --format=verilog --write_settings_files=off week4-1 -c week4-1 --vector_source=D:/hw_quartus/week4/Waveform1_2.vwf --testbench_file=D:/hw_quartus/week4/simulation/qsim/Waveform1_2.vwf.vt
quartus_eda --write_settings_files=off --simulation=on --functional=on --flatten_buses=off --tool=modelsim_oem --format=verilog --output_directory=D:/hw_quartus/week4/simulation/qsim/ week4-1 -c week4-1



