Flow report for half-adder
Tue Sep 21 18:50:45 2021
Quartus Prime Version 20.1.1 Build 720 11/11/2020 SJ Lite Edition


---------------------
; Table of Contents ;
---------------------
  1. Legal Notice
  2. Flow Summary
  3. Flow Settings
  4. Flow Non-Default Global Settings
  5. Flow Elapsed Time
  6. Flow OS Summary
  7. Flow Log
  8. Flow Messages
  9. Flow Suppressed Messages



----------------
; Legal Notice ;
----------------
Copyright (C) 2020  Intel Corporation. All rights reserved.
Your use of Intel Corporation's design tools, logic functions 
and other software and tools, and any partner logic 
functions, and any output files from any of the foregoing 
(including device programming or simulation files), and any 
associated documentation or information are expressly subject 
to the terms and conditions of the Intel Program License 
Subscription Agreement, the Intel Quartus Prime License Agreement,
the Intel FPGA IP License Agreement, or other applicable license
agreement, including, without limitation, that your use is for
the sole purpose of programming logic devices manufactured by
Intel and sold by Intel or its authorized distributors.  Please
refer to the applicable agreement for further details, at
https://fpgasoftware.intel.com/eula.



+---------------------------------------------------------------------+
; Flow Summary                                                        ;
+-----------------------+---------------------------------------------+
; Flow Status           ; Successful - Tue Sep 21 18:50:45 2021       ;
; Quartus Prime Version ; 20.1.1 Build 720 11/11/2020 SJ Lite Edition ;
; Revision Name         ; half-adder                                  ;
; Top-level Entity Name ; week3_3                                     ;
; Family                ; MAX V                                       ;
; Total logic elements  ; 9 / 40 ( 23 % )                             ;
; Total pins            ; 11 / 54 ( 20 % )                            ;
; Total virtual pins    ; 0                                           ;
; UFM blocks            ; 0 / 1 ( 0 % )                               ;
; Device                ; 5M40ZE64C4                                  ;
; Timing Models         ; Final                                       ;
+-----------------------+---------------------------------------------+


+-----------------------------------------+
; Flow Settings                           ;
+-------------------+---------------------+
; Option            ; Setting             ;
+-------------------+---------------------+
; Start date & time ; 09/21/2021 18:47:44 ;
; Main task         ; Compilation         ;
; Revision Name     ; half-adder          ;
+-------------------+---------------------+


+------------------------------------------------------------------------------------------------------+
; Flow Non-Default Global Settings                                                                     ;
+--------------------------+--------------------------------+---------------+-------------+------------+
; Assignment Name          ; Value                          ; Default Value ; Entity Name ; Section Id ;
+--------------------------+--------------------------------+---------------+-------------+------------+
; COMPILER_SIGNATURE_ID    ; 52932027394675.163221766429744 ; --            ; --          ; --         ;
; PROJECT_OUTPUT_DIRECTORY ; output_files                   ; --            ; --          ; --         ;
; TOP_LEVEL_ENTITY         ; week3_3                        ; half-adder    ; --          ; --         ;
+--------------------------+--------------------------------+---------------+-------------+------------+


+--------------------------------------------------------------------------------------------------------------------------+
; Flow Elapsed Time                                                                                                        ;
+----------------------+--------------+-------------------------+---------------------+------------------------------------+
; Module Name          ; Elapsed Time ; Average Processors Used ; Peak Virtual Memory ; Total CPU Time (on all processors) ;
+----------------------+--------------+-------------------------+---------------------+------------------------------------+
; Analysis & Synthesis ; 00:00:16     ; 1.0                     ; 4704 MB             ; 00:00:32                           ;
; Fitter               ; 00:00:02     ; 1.0                     ; 5078 MB             ; 00:00:02                           ;
; Assembler            ; 00:00:01     ; 1.0                     ; 4664 MB             ; 00:00:01                           ;
; Timing Analyzer      ; 00:00:01     ; 1.0                     ; 4666 MB             ; 00:00:01                           ;
; EDA Netlist Writer   ; 00:00:01     ; 1.0                     ; 4614 MB             ; 00:00:01                           ;
; EDA Netlist Writer   ; 00:00:01     ; 1.0                     ; 4622 MB             ; 00:00:01                           ;
; Total                ; 00:00:22     ; --                      ; --                  ; 00:00:38                           ;
+----------------------+--------------+-------------------------+---------------------+------------------------------------+


+------------------------------------------------------------------------------------+
; Flow OS Summary                                                                    ;
+----------------------+------------------+------------+------------+----------------+
; Module Name          ; Machine Hostname ; OS Name    ; OS Version ; Processor type ;
+----------------------+------------------+------------+------------+----------------+
; Analysis & Synthesis ; WINDOWS-F3G28L9  ; Windows 10 ; 10.0       ; x86_64         ;
; Fitter               ; WINDOWS-F3G28L9  ; Windows 10 ; 10.0       ; x86_64         ;
; Assembler            ; WINDOWS-F3G28L9  ; Windows 10 ; 10.0       ; x86_64         ;
; Timing Analyzer      ; WINDOWS-F3G28L9  ; Windows 10 ; 10.0       ; x86_64         ;
; EDA Netlist Writer   ; WINDOWS-F3G28L9  ; Windows 10 ; 10.0       ; x86_64         ;
; EDA Netlist Writer   ; WINDOWS-F3G28L9  ; Windows 10 ; 10.0       ; x86_64         ;
+----------------------+------------------+------------+------------+----------------+


------------
; Flow Log ;
------------
quartus_map --read_settings_files=on --write_settings_files=off half_adder -c half-adder
quartus_fit --read_settings_files=off --write_settings_files=off half_adder -c half-adder
quartus_asm --read_settings_files=off --write_settings_files=off half_adder -c half-adder
quartus_sta half_adder -c half-adder
quartus_eda --read_settings_files=on --write_settings_files=off half_adder -c half-adder
quartus_eda --gen_testbench --tool=modelsim_oem --format=verilog --write_settings_files=off half_adder -c half-adder --vector_source=D:/hw_quartus/half-adder/Waveform7.vwf --testbench_file=D:/hw_quartus/half-adder/simulation/qsim/Waveform7.vwf.vt
quartus_eda --write_settings_files=off --simulation=on --functional=on --flatten_buses=off --tool=modelsim_oem --format=verilog --output_directory=D:/hw_quartus/half-adder/simulation/qsim/ half_adder -c half-adder



