Flow report for week2_2
Wed Sep 15 18:33:09 2021
Quartus Prime Version 20.1.1 Build 720 11/11/2020 SJ Lite Edition


---------------------
; Table of Contents ;
---------------------
  1. Legal Notice
  2. Flow Summary
  3. Flow Settings
  4. Flow Non-Default Global Settings
  5. Flow Elapsed Time
  6. Flow OS Summary
  7. Flow Log
  8. Flow Messages
  9. Flow Suppressed Messages



----------------
; Legal Notice ;
----------------
Copyright (C) 2020  Intel Corporation. All rights reserved.
Your use of Intel Corporation's design tools, logic functions 
and other software and tools, and any partner logic 
functions, and any output files from any of the foregoing 
(including device programming or simulation files), and any 
associated documentation or information are expressly subject 
to the terms and conditions of the Intel Program License 
Subscription Agreement, the Intel Quartus Prime License Agreement,
the Intel FPGA IP License Agreement, or other applicable license
agreement, including, without limitation, that your use is for
the sole purpose of programming logic devices manufactured by
Intel and sold by Intel or its authorized distributors.  Please
refer to the applicable agreement for further details, at
https://fpgasoftware.intel.com/eula.



+---------------------------------------------------------------------+
; Flow Summary                                                        ;
+-----------------------+---------------------------------------------+
; Flow Status           ; Successful - Wed Sep 15 18:33:05 2021       ;
; Quartus Prime Version ; 20.1.1 Build 720 11/11/2020 SJ Lite Edition ;
; Revision Name         ; week2_2                                     ;
; Top-level Entity Name ; week2_2                                     ;
; Family                ; MAX V                                       ;
; Total logic elements  ; 8 / 40 ( 20 % )                             ;
; Total pins            ; 16 / 54 ( 30 % )                            ;
; Total virtual pins    ; 0                                           ;
; UFM blocks            ; 0 / 1 ( 0 % )                               ;
; Device                ; 5M40ZE64C4                                  ;
; Timing Models         ; Final                                       ;
+-----------------------+---------------------------------------------+


+-----------------------------------------+
; Flow Settings                           ;
+-------------------+---------------------+
; Option            ; Setting             ;
+-------------------+---------------------+
; Start date & time ; 09/15/2021 18:32:35 ;
; Main task         ; Compilation         ;
; Revision Name     ; week2_2             ;
+-------------------+---------------------+


+------------------------------------------------------------------------------------------------------+
; Flow Non-Default Global Settings                                                                     ;
+--------------------------+--------------------------------+---------------+-------------+------------+
; Assignment Name          ; Value                          ; Default Value ; Entity Name ; Section Id ;
+--------------------------+--------------------------------+---------------+-------------+------------+
; COMPILER_SIGNATURE_ID    ; 52932027394675.163169835522392 ; --            ; --          ; --         ;
; PROJECT_OUTPUT_DIRECTORY ; output_files                   ; --            ; --          ; --         ;
+--------------------------+--------------------------------+---------------+-------------+------------+


+--------------------------------------------------------------------------------------------------------------------------+
; Flow Elapsed Time                                                                                                        ;
+----------------------+--------------+-------------------------+---------------------+------------------------------------+
; Module Name          ; Elapsed Time ; Average Processors Used ; Peak Virtual Memory ; Total CPU Time (on all processors) ;
+----------------------+--------------+-------------------------+---------------------+------------------------------------+
; Analysis & Synthesis ; 00:00:24     ; 1.0                     ; 4704 MB             ; 00:00:43                           ;
; Fitter               ; 00:00:03     ; 1.0                     ; 5079 MB             ; 00:00:02                           ;
; Assembler            ; 00:00:01     ; 1.0                     ; 4668 MB             ; 00:00:01                           ;
; Timing Analyzer      ; 00:00:02     ; 1.0                     ; 4666 MB             ; 00:00:02                           ;
; Total                ; 00:00:30     ; --                      ; --                  ; 00:00:48                           ;
+----------------------+--------------+-------------------------+---------------------+------------------------------------+


+------------------------------------------------------------------------------------+
; Flow OS Summary                                                                    ;
+----------------------+------------------+------------+------------+----------------+
; Module Name          ; Machine Hostname ; OS Name    ; OS Version ; Processor type ;
+----------------------+------------------+------------+------------+----------------+
; Analysis & Synthesis ; WINDOWS-F3G28L9  ; Windows 10 ; 10.0       ; x86_64         ;
; Fitter               ; WINDOWS-F3G28L9  ; Windows 10 ; 10.0       ; x86_64         ;
; Assembler            ; WINDOWS-F3G28L9  ; Windows 10 ; 10.0       ; x86_64         ;
; Timing Analyzer      ; WINDOWS-F3G28L9  ; Windows 10 ; 10.0       ; x86_64         ;
+----------------------+------------------+------------+------------+----------------+


------------
; Flow Log ;
------------
quartus_map --read_settings_files=on --write_settings_files=off week2_2 -c week2_2
quartus_fit --read_settings_files=off --write_settings_files=off week2_2 -c week2_2
quartus_asm --read_settings_files=off --write_settings_files=off week2_2 -c week2_2
quartus_sta week2_2 -c week2_2



